Launching task on local.
Dmax : 10
1/10, t = 0.000 + 0.000im
2/10, t = 10.000 + 0.000im
3/10, t = 20.000 + 0.000im
4/10, t = 30.000 + 0.000im
5/10, t = 40.000 + 0.000im
6/10, t = 50.000 + 0.000im
7/10, t = 60.000 + 0.000im
8/10, t = 70.000 + 0.000im
9/10, t = 80.000 + 0.000im
10/10, t = 90.000 + 0.000im
Generated lineshape plot: /scratch/lamberev/PyMPSDynamics_GPU-dev/absorption/lineshape_absorption.pdf
total run time : 0:00:19.753334
Launching task on local.
Dmax : 10
1/10, t = 0.000 + 0.000im
2/10, t = 10.000 + 0.000im
3/10, t = 20.000 + 0.000im
4/10, t = 30.000 + 0.000im
5/10, t = 40.000 + 0.000im
6/10, t = 50.000 + 0.000im
7/10, t = 60.000 + 0.000im
8/10, t = 70.000 + 0.000im
9/10, t = 80.000 + 0.000im
10/10, t = 90.000 + 0.000im
Generated lineshape plot: /scratch/lamberev/PyMPSDynamics_GPU-dev/emission/lineshape_emission.pdf
total run time : 0:00:19.858841
