Launching task on local.
Dmax : 30
1/500, t = 0.000 + 0.000im
2/500, t = 1.000 + 0.000im
3/500, t = 2.000 + 0.000im
4/500, t = 3.000 + 0.000im
5/500, t = 4.000 + 0.000im
6/500, t = 5.000 + 0.000im
7/500, t = 6.000 + 0.000im
8/500, t = 7.000 + 0.000im
9/500, t = 8.000 + 0.000im
10/500, t = 9.000 + 0.000im
11/500, t = 10.000 + 0.000im
12/500, t = 11.000 + 0.000im
13/500, t = 12.000 + 0.000im
14/500, t = 13.000 + 0.000im
15/500, t = 14.000 + 0.000im
16/500, t = 15.000 + 0.000im
17/500, t = 16.000 + 0.000im
18/500, t = 17.000 + 0.000im
19/500, t = 18.000 + 0.000im
20/500, t = 19.000 + 0.000im
21/500, t = 20.000 + 0.000im
22/500, t = 21.000 + 0.000im
23/500, t = 22.000 + 0.000im
24/500, t = 23.000 + 0.000im
25/500, t = 24.000 + 0.000im
26/500, t = 25.000 + 0.000im
27/500, t = 26.000 + 0.000im
28/500, t = 27.000 + 0.000im
29/500, t = 28.000 + 0.000im
30/500, t = 29.000 + 0.000im
31/500, t = 30.000 + 0.000im
32/500, t = 31.000 + 0.000im
33/500, t = 32.000 + 0.000im
34/500, t = 33.000 + 0.000im
35/500, t = 34.000 + 0.000im
36/500, t = 35.000 + 0.000im
37/500, t = 36.000 + 0.000im
38/500, t = 37.000 + 0.000im
39/500, t = 38.000 + 0.000im
40/500, t = 39.000 + 0.000im
41/500, t = 40.000 + 0.000im
42/500, t = 41.000 + 0.000im
43/500, t = 42.000 + 0.000im
44/500, t = 43.000 + 0.000im
45/500, t = 44.000 + 0.000im
46/500, t = 45.000 + 0.000im
47/500, t = 46.000 + 0.000im
48/500, t = 47.000 + 0.000im
49/500, t = 48.000 + 0.000im
50/500, t = 49.000 + 0.000im
51/500, t = 50.000 + 0.000im
52/500, t = 51.000 + 0.000im
53/500, t = 52.000 + 0.000im
54/500, t = 53.000 + 0.000im
55/500, t = 54.000 + 0.000im
56/500, t = 55.000 + 0.000im
57/500, t = 56.000 + 0.000im
58/500, t = 57.000 + 0.000im
59/500, t = 58.000 + 0.000im
60/500, t = 59.000 + 0.000im
61/500, t = 60.000 + 0.000im
62/500, t = 61.000 + 0.000im
63/500, t = 62.000 + 0.000im
64/500, t = 63.000 + 0.000im
65/500, t = 64.000 + 0.000im
66/500, t = 65.000 + 0.000im
67/500, t = 66.000 + 0.000im
68/500, t = 67.000 + 0.000im
69/500, t = 68.000 + 0.000im
70/500, t = 69.000 + 0.000im
71/500, t = 70.000 + 0.000im
72/500, t = 71.000 + 0.000im
73/500, t = 72.000 + 0.000im
74/500, t = 73.000 + 0.000im
75/500, t = 74.000 + 0.000im
76/500, t = 75.000 + 0.000im
77/500, t = 76.000 + 0.000im
78/500, t = 77.000 + 0.000im
79/500, t = 78.000 + 0.000im
80/500, t = 79.000 + 0.000im
81/500, t = 80.000 + 0.000im
82/500, t = 81.000 + 0.000im
83/500, t = 82.000 + 0.000im
84/500, t = 83.000 + 0.000im
85/500, t = 84.000 + 0.000im
86/500, t = 85.000 + 0.000im
87/500, t = 86.000 + 0.000im
88/500, t = 87.000 + 0.000im
89/500, t = 88.000 + 0.000im
90/500, t = 89.000 + 0.000im
91/500, t = 90.000 + 0.000im
92/500, t = 91.000 + 0.000im
93/500, t = 92.000 + 0.000im
94/500, t = 93.000 + 0.000im
95/500, t = 94.000 + 0.000im
96/500, t = 95.000 + 0.000im
97/500, t = 96.000 + 0.000im
98/500, t = 97.000 + 0.000im
99/500, t = 98.000 + 0.000im
100/500, t = 99.000 + 0.000im
101/500, t = 100.000 + 0.000im
102/500, t = 101.000 + 0.000im
103/500, t = 102.000 + 0.000im
104/500, t = 103.000 + 0.000im
105/500, t = 104.000 + 0.000im
106/500, t = 105.000 + 0.000im
107/500, t = 106.000 + 0.000im
108/500, t = 107.000 + 0.000im
109/500, t = 108.000 + 0.000im
110/500, t = 109.000 + 0.000im
111/500, t = 110.000 + 0.000im
112/500, t = 111.000 + 0.000im
113/500, t = 112.000 + 0.000im
114/500, t = 113.000 + 0.000im
115/500, t = 114.000 + 0.000im
116/500, t = 115.000 + 0.000im
117/500, t = 116.000 + 0.000im
118/500, t = 117.000 + 0.000im
119/500, t = 118.000 + 0.000im
120/500, t = 119.000 + 0.000im
121/500, t = 120.000 + 0.000im
122/500, t = 121.000 + 0.000im
123/500, t = 122.000 + 0.000im
124/500, t = 123.000 + 0.000im
125/500, t = 124.000 + 0.000im
126/500, t = 125.000 + 0.000im
127/500, t = 126.000 + 0.000im
128/500, t = 127.000 + 0.000im
129/500, t = 128.000 + 0.000im
130/500, t = 129.000 + 0.000im
131/500, t = 130.000 + 0.000im
132/500, t = 131.000 + 0.000im
133/500, t = 132.000 + 0.000im
134/500, t = 133.000 + 0.000im
135/500, t = 134.000 + 0.000im
136/500, t = 135.000 + 0.000im
137/500, t = 136.000 + 0.000im
138/500, t = 137.000 + 0.000im
139/500, t = 138.000 + 0.000im
140/500, t = 139.000 + 0.000im
141/500, t = 140.000 + 0.000im
142/500, t = 141.000 + 0.000im
143/500, t = 142.000 + 0.000im
144/500, t = 143.000 + 0.000im
145/500, t = 144.000 + 0.000im
146/500, t = 145.000 + 0.000im
147/500, t = 146.000 + 0.000im
148/500, t = 147.000 + 0.000im
149/500, t = 148.000 + 0.000im
150/500, t = 149.000 + 0.000im
151/500, t = 150.000 + 0.000im
152/500, t = 151.000 + 0.000im
153/500, t = 152.000 + 0.000im
154/500, t = 153.000 + 0.000im
155/500, t = 154.000 + 0.000im
156/500, t = 155.000 + 0.000im
157/500, t = 156.000 + 0.000im
158/500, t = 157.000 + 0.000im
159/500, t = 158.000 + 0.000im
160/500, t = 159.000 + 0.000im
161/500, t = 160.000 + 0.000im
162/500, t = 161.000 + 0.000im
163/500, t = 162.000 + 0.000im
164/500, t = 163.000 + 0.000im
165/500, t = 164.000 + 0.000im
166/500, t = 165.000 + 0.000im
167/500, t = 166.000 + 0.000im
168/500, t = 167.000 + 0.000im
169/500, t = 168.000 + 0.000im
170/500, t = 169.000 + 0.000im
171/500, t = 170.000 + 0.000im
172/500, t = 171.000 + 0.000im
173/500, t = 172.000 + 0.000im
174/500, t = 173.000 + 0.000im
175/500, t = 174.000 + 0.000im
176/500, t = 175.000 + 0.000im
177/500, t = 176.000 + 0.000im
178/500, t = 177.000 + 0.000im
179/500, t = 178.000 + 0.000im
180/500, t = 179.000 + 0.000im
181/500, t = 180.000 + 0.000im
182/500, t = 181.000 + 0.000im
183/500, t = 182.000 + 0.000im
184/500, t = 183.000 + 0.000im
185/500, t = 184.000 + 0.000im
186/500, t = 185.000 + 0.000im
187/500, t = 186.000 + 0.000im
188/500, t = 187.000 + 0.000im
189/500, t = 188.000 + 0.000im
190/500, t = 189.000 + 0.000im
191/500, t = 190.000 + 0.000im
192/500, t = 191.000 + 0.000im
193/500, t = 192.000 + 0.000im
194/500, t = 193.000 + 0.000im
195/500, t = 194.000 + 0.000im
196/500, t = 195.000 + 0.000im
197/500, t = 196.000 + 0.000im
198/500, t = 197.000 + 0.000im
199/500, t = 198.000 + 0.000im
200/500, t = 199.000 + 0.000im
201/500, t = 200.000 + 0.000im
202/500, t = 201.000 + 0.000im
203/500, t = 202.000 + 0.000im
204/500, t = 203.000 + 0.000im
205/500, t = 204.000 + 0.000im
206/500, t = 205.000 + 0.000im
207/500, t = 206.000 + 0.000im
208/500, t = 207.000 + 0.000im
209/500, t = 208.000 + 0.000im
210/500, t = 209.000 + 0.000im
211/500, t = 210.000 + 0.000im
212/500, t = 211.000 + 0.000im
213/500, t = 212.000 + 0.000im
214/500, t = 213.000 + 0.000im
215/500, t = 214.000 + 0.000im
216/500, t = 215.000 + 0.000im
217/500, t = 216.000 + 0.000im
218/500, t = 217.000 + 0.000im
219/500, t = 218.000 + 0.000im
220/500, t = 219.000 + 0.000im
221/500, t = 220.000 + 0.000im
222/500, t = 221.000 + 0.000im
223/500, t = 222.000 + 0.000im
224/500, t = 223.000 + 0.000im
225/500, t = 224.000 + 0.000im
226/500, t = 225.000 + 0.000im
227/500, t = 226.000 + 0.000im
228/500, t = 227.000 + 0.000im
229/500, t = 228.000 + 0.000im
230/500, t = 229.000 + 0.000im
231/500, t = 230.000 + 0.000im
232/500, t = 231.000 + 0.000im
233/500, t = 232.000 + 0.000im
234/500, t = 233.000 + 0.000im
235/500, t = 234.000 + 0.000im
236/500, t = 235.000 + 0.000im
237/500, t = 236.000 + 0.000im
238/500, t = 237.000 + 0.000im
239/500, t = 238.000 + 0.000im
240/500, t = 239.000 + 0.000im
241/500, t = 240.000 + 0.000im
242/500, t = 241.000 + 0.000im
243/500, t = 242.000 + 0.000im
244/500, t = 243.000 + 0.000im
245/500, t = 244.000 + 0.000im
246/500, t = 245.000 + 0.000im
247/500, t = 246.000 + 0.000im
248/500, t = 247.000 + 0.000im
249/500, t = 248.000 + 0.000im
250/500, t = 249.000 + 0.000im
251/500, t = 250.000 + 0.000im
252/500, t = 251.000 + 0.000im
253/500, t = 252.000 + 0.000im
254/500, t = 253.000 + 0.000im
255/500, t = 254.000 + 0.000im
256/500, t = 255.000 + 0.000im
257/500, t = 256.000 + 0.000im
258/500, t = 257.000 + 0.000im
259/500, t = 258.000 + 0.000im
260/500, t = 259.000 + 0.000im
261/500, t = 260.000 + 0.000im
262/500, t = 261.000 + 0.000im
263/500, t = 262.000 + 0.000im
264/500, t = 263.000 + 0.000im
265/500, t = 264.000 + 0.000im
266/500, t = 265.000 + 0.000im
267/500, t = 266.000 + 0.000im
268/500, t = 267.000 + 0.000im
269/500, t = 268.000 + 0.000im
270/500, t = 269.000 + 0.000im
271/500, t = 270.000 + 0.000im
272/500, t = 271.000 + 0.000im
273/500, t = 272.000 + 0.000im
274/500, t = 273.000 + 0.000im
275/500, t = 274.000 + 0.000im
276/500, t = 275.000 + 0.000im
277/500, t = 276.000 + 0.000im
278/500, t = 277.000 + 0.000im
279/500, t = 278.000 + 0.000im
280/500, t = 279.000 + 0.000im
281/500, t = 280.000 + 0.000im
282/500, t = 281.000 + 0.000im
283/500, t = 282.000 + 0.000im
284/500, t = 283.000 + 0.000im
285/500, t = 284.000 + 0.000im
286/500, t = 285.000 + 0.000im
287/500, t = 286.000 + 0.000im
288/500, t = 287.000 + 0.000im
289/500, t = 288.000 + 0.000im
290/500, t = 289.000 + 0.000im
291/500, t = 290.000 + 0.000im
292/500, t = 291.000 + 0.000im
293/500, t = 292.000 + 0.000im
294/500, t = 293.000 + 0.000im
295/500, t = 294.000 + 0.000im
296/500, t = 295.000 + 0.000im
297/500, t = 296.000 + 0.000im
298/500, t = 297.000 + 0.000im
299/500, t = 298.000 + 0.000im
300/500, t = 299.000 + 0.000im
301/500, t = 300.000 + 0.000im
302/500, t = 301.000 + 0.000im
303/500, t = 302.000 + 0.000im
304/500, t = 303.000 + 0.000im
305/500, t = 304.000 + 0.000im
306/500, t = 305.000 + 0.000im
307/500, t = 306.000 + 0.000im
308/500, t = 307.000 + 0.000im
309/500, t = 308.000 + 0.000im
310/500, t = 309.000 + 0.000im
311/500, t = 310.000 + 0.000im
312/500, t = 311.000 + 0.000im
313/500, t = 312.000 + 0.000im
314/500, t = 313.000 + 0.000im
315/500, t = 314.000 + 0.000im
316/500, t = 315.000 + 0.000im
317/500, t = 316.000 + 0.000im
318/500, t = 317.000 + 0.000im
319/500, t = 318.000 + 0.000im
320/500, t = 319.000 + 0.000im
321/500, t = 320.000 + 0.000im
322/500, t = 321.000 + 0.000im
323/500, t = 322.000 + 0.000im
324/500, t = 323.000 + 0.000im
325/500, t = 324.000 + 0.000im
326/500, t = 325.000 + 0.000im
327/500, t = 326.000 + 0.000im
328/500, t = 327.000 + 0.000im
329/500, t = 328.000 + 0.000im
330/500, t = 329.000 + 0.000im
331/500, t = 330.000 + 0.000im
332/500, t = 331.000 + 0.000im
333/500, t = 332.000 + 0.000im
334/500, t = 333.000 + 0.000im
335/500, t = 334.000 + 0.000im
336/500, t = 335.000 + 0.000im
337/500, t = 336.000 + 0.000im
338/500, t = 337.000 + 0.000im
339/500, t = 338.000 + 0.000im
340/500, t = 339.000 + 0.000im
341/500, t = 340.000 + 0.000im
342/500, t = 341.000 + 0.000im
343/500, t = 342.000 + 0.000im
344/500, t = 343.000 + 0.000im
345/500, t = 344.000 + 0.000im
346/500, t = 345.000 + 0.000im
347/500, t = 346.000 + 0.000im
348/500, t = 347.000 + 0.000im
349/500, t = 348.000 + 0.000im
350/500, t = 349.000 + 0.000im
351/500, t = 350.000 + 0.000im
352/500, t = 351.000 + 0.000im
353/500, t = 352.000 + 0.000im
354/500, t = 353.000 + 0.000im
355/500, t = 354.000 + 0.000im
356/500, t = 355.000 + 0.000im
357/500, t = 356.000 + 0.000im
358/500, t = 357.000 + 0.000im
359/500, t = 358.000 + 0.000im
360/500, t = 359.000 + 0.000im
361/500, t = 360.000 + 0.000im
362/500, t = 361.000 + 0.000im
363/500, t = 362.000 + 0.000im
364/500, t = 363.000 + 0.000im
365/500, t = 364.000 + 0.000im
366/500, t = 365.000 + 0.000im
367/500, t = 366.000 + 0.000im
368/500, t = 367.000 + 0.000im
369/500, t = 368.000 + 0.000im
370/500, t = 369.000 + 0.000im
371/500, t = 370.000 + 0.000im
372/500, t = 371.000 + 0.000im
373/500, t = 372.000 + 0.000im
374/500, t = 373.000 + 0.000im
375/500, t = 374.000 + 0.000im
376/500, t = 375.000 + 0.000im
377/500, t = 376.000 + 0.000im
378/500, t = 377.000 + 0.000im
379/500, t = 378.000 + 0.000im
380/500, t = 379.000 + 0.000im
381/500, t = 380.000 + 0.000im
382/500, t = 381.000 + 0.000im
383/500, t = 382.000 + 0.000im
384/500, t = 383.000 + 0.000im
385/500, t = 384.000 + 0.000im
386/500, t = 385.000 + 0.000im
387/500, t = 386.000 + 0.000im
388/500, t = 387.000 + 0.000im
389/500, t = 388.000 + 0.000im
390/500, t = 389.000 + 0.000im
391/500, t = 390.000 + 0.000im
392/500, t = 391.000 + 0.000im
393/500, t = 392.000 + 0.000im
394/500, t = 393.000 + 0.000im
395/500, t = 394.000 + 0.000im
396/500, t = 395.000 + 0.000im
397/500, t = 396.000 + 0.000im
398/500, t = 397.000 + 0.000im
399/500, t = 398.000 + 0.000im
400/500, t = 399.000 + 0.000im
401/500, t = 400.000 + 0.000im
402/500, t = 401.000 + 0.000im
403/500, t = 402.000 + 0.000im
404/500, t = 403.000 + 0.000im
405/500, t = 404.000 + 0.000im
406/500, t = 405.000 + 0.000im
407/500, t = 406.000 + 0.000im
408/500, t = 407.000 + 0.000im
409/500, t = 408.000 + 0.000im
410/500, t = 409.000 + 0.000im
411/500, t = 410.000 + 0.000im
412/500, t = 411.000 + 0.000im
413/500, t = 412.000 + 0.000im
414/500, t = 413.000 + 0.000im
415/500, t = 414.000 + 0.000im
416/500, t = 415.000 + 0.000im
417/500, t = 416.000 + 0.000im
418/500, t = 417.000 + 0.000im
419/500, t = 418.000 + 0.000im
420/500, t = 419.000 + 0.000im
421/500, t = 420.000 + 0.000im
422/500, t = 421.000 + 0.000im
423/500, t = 422.000 + 0.000im
424/500, t = 423.000 + 0.000im
425/500, t = 424.000 + 0.000im
426/500, t = 425.000 + 0.000im
427/500, t = 426.000 + 0.000im
428/500, t = 427.000 + 0.000im
429/500, t = 428.000 + 0.000im
430/500, t = 429.000 + 0.000im
431/500, t = 430.000 + 0.000im
432/500, t = 431.000 + 0.000im
433/500, t = 432.000 + 0.000im
434/500, t = 433.000 + 0.000im
435/500, t = 434.000 + 0.000im
436/500, t = 435.000 + 0.000im
437/500, t = 436.000 + 0.000im
438/500, t = 437.000 + 0.000im
439/500, t = 438.000 + 0.000im
440/500, t = 439.000 + 0.000im
441/500, t = 440.000 + 0.000im
442/500, t = 441.000 + 0.000im
443/500, t = 442.000 + 0.000im
444/500, t = 443.000 + 0.000im
445/500, t = 444.000 + 0.000im
446/500, t = 445.000 + 0.000im
447/500, t = 446.000 + 0.000im
448/500, t = 447.000 + 0.000im
449/500, t = 448.000 + 0.000im
450/500, t = 449.000 + 0.000im
451/500, t = 450.000 + 0.000im
452/500, t = 451.000 + 0.000im
453/500, t = 452.000 + 0.000im
454/500, t = 453.000 + 0.000im
455/500, t = 454.000 + 0.000im
456/500, t = 455.000 + 0.000im
457/500, t = 456.000 + 0.000im
458/500, t = 457.000 + 0.000im
459/500, t = 458.000 + 0.000im
460/500, t = 459.000 + 0.000im
461/500, t = 460.000 + 0.000im
462/500, t = 461.000 + 0.000im
463/500, t = 462.000 + 0.000im
464/500, t = 463.000 + 0.000im
465/500, t = 464.000 + 0.000im
466/500, t = 465.000 + 0.000im
467/500, t = 466.000 + 0.000im
468/500, t = 467.000 + 0.000im
469/500, t = 468.000 + 0.000im
470/500, t = 469.000 + 0.000im
471/500, t = 470.000 + 0.000im
472/500, t = 471.000 + 0.000im
473/500, t = 472.000 + 0.000im
474/500, t = 473.000 + 0.000im
475/500, t = 474.000 + 0.000im
476/500, t = 475.000 + 0.000im
477/500, t = 476.000 + 0.000im
478/500, t = 477.000 + 0.000im
479/500, t = 478.000 + 0.000im
480/500, t = 479.000 + 0.000im
481/500, t = 480.000 + 0.000im
482/500, t = 481.000 + 0.000im
483/500, t = 482.000 + 0.000im
484/500, t = 483.000 + 0.000im
485/500, t = 484.000 + 0.000im
486/500, t = 485.000 + 0.000im
487/500, t = 486.000 + 0.000im
488/500, t = 487.000 + 0.000im
489/500, t = 488.000 + 0.000im
490/500, t = 489.000 + 0.000im
491/500, t = 490.000 + 0.000im
492/500, t = 491.000 + 0.000im
493/500, t = 492.000 + 0.000im
494/500, t = 493.000 + 0.000im
495/500, t = 494.000 + 0.000im
496/500, t = 495.000 + 0.000im
497/500, t = 496.000 + 0.000im
498/500, t = 497.000 + 0.000im
499/500, t = 498.000 + 0.000im
500/500, t = 499.000 + 0.000im
Generated lineshape plot: /scratch/lamberev/PyMPSDynamics_GPU-dev/absorption/lineshape_absorption.pdf
total run time : 0:36:13.023677
Launching task on local.
Dmax : 30
1/1, t = 0.000 + 0.000im
Generated lineshape plot: /scratch/lamberev/PyMPSDynamics_GPU-dev/emission/lineshape_emission.pdf
total run time : 0:00:11.335043
